mode: set
github.com/overridesh/sgg-todolist-service/internal/repository/comment_repository.go:31.60,35.2 1 1
github.com/overridesh/sgg-todolist-service/internal/repository/comment_repository.go:37.115,44.16 3 1
github.com/overridesh/sgg-todolist-service/internal/repository/comment_repository.go:48.2,48.15 1 1
github.com/overridesh/sgg-todolist-service/internal/repository/comment_repository.go:60.2,66.16 2 1
github.com/overridesh/sgg-todolist-service/internal/repository/comment_repository.go:70.2,75.34 2 1
github.com/overridesh/sgg-todolist-service/internal/repository/comment_repository.go:79.2,87.16 2 1
github.com/overridesh/sgg-todolist-service/internal/repository/comment_repository.go:91.2,91.22 1 1
github.com/overridesh/sgg-todolist-service/internal/repository/comment_repository.go:44.16,46.3 1 1
github.com/overridesh/sgg-todolist-service/internal/repository/comment_repository.go:48.15,49.17 1 1
github.com/overridesh/sgg-todolist-service/internal/repository/comment_repository.go:49.17,50.40 1 0
github.com/overridesh/sgg-todolist-service/internal/repository/comment_repository.go:50.40,52.5 1 0
github.com/overridesh/sgg-todolist-service/internal/repository/comment_repository.go:53.9,54.38 1 1
github.com/overridesh/sgg-todolist-service/internal/repository/comment_repository.go:54.38,56.5 1 1
github.com/overridesh/sgg-todolist-service/internal/repository/comment_repository.go:66.16,68.3 1 0
github.com/overridesh/sgg-todolist-service/internal/repository/comment_repository.go:75.34,77.3 1 1
github.com/overridesh/sgg-todolist-service/internal/repository/comment_repository.go:87.16,89.3 1 0
github.com/overridesh/sgg-todolist-service/internal/repository/comment_repository.go:94.115,109.16 2 1
github.com/overridesh/sgg-todolist-service/internal/repository/comment_repository.go:113.2,114.16 2 1
github.com/overridesh/sgg-todolist-service/internal/repository/comment_repository.go:118.2,122.18 3 1
github.com/overridesh/sgg-todolist-service/internal/repository/comment_repository.go:138.2,138.22 1 1
github.com/overridesh/sgg-todolist-service/internal/repository/comment_repository.go:109.16,111.3 1 0
github.com/overridesh/sgg-todolist-service/internal/repository/comment_repository.go:114.16,116.3 1 1
github.com/overridesh/sgg-todolist-service/internal/repository/comment_repository.go:122.18,131.17 2 1
github.com/overridesh/sgg-todolist-service/internal/repository/comment_repository.go:135.3,135.40 1 1
github.com/overridesh/sgg-todolist-service/internal/repository/comment_repository.go:131.17,133.4 1 0
github.com/overridesh/sgg-todolist-service/internal/repository/comment_repository.go:141.130,150.16 2 1
github.com/overridesh/sgg-todolist-service/internal/repository/comment_repository.go:154.2,155.16 2 1
github.com/overridesh/sgg-todolist-service/internal/repository/comment_repository.go:159.2,160.16 2 1
github.com/overridesh/sgg-todolist-service/internal/repository/comment_repository.go:164.2,164.19 1 1
github.com/overridesh/sgg-todolist-service/internal/repository/comment_repository.go:168.2,168.12 1 1
github.com/overridesh/sgg-todolist-service/internal/repository/comment_repository.go:150.16,152.3 1 0
github.com/overridesh/sgg-todolist-service/internal/repository/comment_repository.go:155.16,157.3 1 1
github.com/overridesh/sgg-todolist-service/internal/repository/comment_repository.go:160.16,162.3 1 0
github.com/overridesh/sgg-todolist-service/internal/repository/comment_repository.go:164.19,166.3 1 1
github.com/overridesh/sgg-todolist-service/internal/repository/common.go:16.52,19.15 2 1
github.com/overridesh/sgg-todolist-service/internal/repository/common.go:22.2,22.39 1 1
github.com/overridesh/sgg-todolist-service/internal/repository/common.go:19.15,21.3 1 0
github.com/overridesh/sgg-todolist-service/internal/repository/label_repository.go:32.56,36.2 1 1
github.com/overridesh/sgg-todolist-service/internal/repository/label_repository.go:38.105,45.16 3 1
github.com/overridesh/sgg-todolist-service/internal/repository/label_repository.go:49.2,49.15 1 1
github.com/overridesh/sgg-todolist-service/internal/repository/label_repository.go:61.2,74.34 3 1
github.com/overridesh/sgg-todolist-service/internal/repository/label_repository.go:78.2,81.16 2 1
github.com/overridesh/sgg-todolist-service/internal/repository/label_repository.go:85.2,85.15 1 1
github.com/overridesh/sgg-todolist-service/internal/repository/label_repository.go:89.2,95.16 2 1
github.com/overridesh/sgg-todolist-service/internal/repository/label_repository.go:99.2,104.34 2 1
github.com/overridesh/sgg-todolist-service/internal/repository/label_repository.go:108.2,115.16 2 1
github.com/overridesh/sgg-todolist-service/internal/repository/label_repository.go:119.2,119.20 1 1
github.com/overridesh/sgg-todolist-service/internal/repository/label_repository.go:45.16,47.3 1 1
github.com/overridesh/sgg-todolist-service/internal/repository/label_repository.go:49.15,50.17 1 1
github.com/overridesh/sgg-todolist-service/internal/repository/label_repository.go:50.17,51.40 1 0
github.com/overridesh/sgg-todolist-service/internal/repository/label_repository.go:51.40,53.5 1 0
github.com/overridesh/sgg-todolist-service/internal/repository/label_repository.go:54.9,55.38 1 1
github.com/overridesh/sgg-todolist-service/internal/repository/label_repository.go:55.38,57.5 1 1
github.com/overridesh/sgg-todolist-service/internal/repository/label_repository.go:74.34,76.3 1 0
github.com/overridesh/sgg-todolist-service/internal/repository/label_repository.go:81.16,83.3 1 0
github.com/overridesh/sgg-todolist-service/internal/repository/label_repository.go:85.15,87.3 1 1
github.com/overridesh/sgg-todolist-service/internal/repository/label_repository.go:95.16,97.3 1 0
github.com/overridesh/sgg-todolist-service/internal/repository/label_repository.go:104.34,106.3 1 0
github.com/overridesh/sgg-todolist-service/internal/repository/label_repository.go:115.16,117.3 1 0
github.com/overridesh/sgg-todolist-service/internal/repository/label_repository.go:122.109,137.16 2 1
github.com/overridesh/sgg-todolist-service/internal/repository/label_repository.go:141.2,142.16 2 1
github.com/overridesh/sgg-todolist-service/internal/repository/label_repository.go:146.2,150.18 3 1
github.com/overridesh/sgg-todolist-service/internal/repository/label_repository.go:166.2,166.20 1 1
github.com/overridesh/sgg-todolist-service/internal/repository/label_repository.go:137.16,139.3 1 0
github.com/overridesh/sgg-todolist-service/internal/repository/label_repository.go:142.16,144.3 1 1
github.com/overridesh/sgg-todolist-service/internal/repository/label_repository.go:150.18,159.17 2 1
github.com/overridesh/sgg-todolist-service/internal/repository/label_repository.go:163.3,163.34 1 1
github.com/overridesh/sgg-todolist-service/internal/repository/label_repository.go:159.17,161.4 1 0
github.com/overridesh/sgg-todolist-service/internal/repository/label_repository.go:169.122,178.16 2 1
github.com/overridesh/sgg-todolist-service/internal/repository/label_repository.go:182.2,183.16 2 1
github.com/overridesh/sgg-todolist-service/internal/repository/label_repository.go:187.2,188.16 2 1
github.com/overridesh/sgg-todolist-service/internal/repository/label_repository.go:192.2,192.19 1 1
github.com/overridesh/sgg-todolist-service/internal/repository/label_repository.go:196.2,196.12 1 1
github.com/overridesh/sgg-todolist-service/internal/repository/label_repository.go:178.16,180.3 1 0
github.com/overridesh/sgg-todolist-service/internal/repository/label_repository.go:183.16,185.3 1 1
github.com/overridesh/sgg-todolist-service/internal/repository/label_repository.go:188.16,190.3 1 0
github.com/overridesh/sgg-todolist-service/internal/repository/label_repository.go:192.19,194.3 1 1
github.com/overridesh/sgg-todolist-service/internal/repository/task_repository.go:33.54,37.2 1 1
github.com/overridesh/sgg-todolist-service/internal/repository/task_repository.go:39.91,57.16 2 1
github.com/overridesh/sgg-todolist-service/internal/repository/task_repository.go:61.2,71.16 2 1
github.com/overridesh/sgg-todolist-service/internal/repository/task_repository.go:78.2,78.19 1 1
github.com/overridesh/sgg-todolist-service/internal/repository/task_repository.go:57.16,59.3 1 0
github.com/overridesh/sgg-todolist-service/internal/repository/task_repository.go:71.16,72.36 1 1
github.com/overridesh/sgg-todolist-service/internal/repository/task_repository.go:75.3,75.18 1 0
github.com/overridesh/sgg-todolist-service/internal/repository/task_repository.go:72.36,74.4 1 1
github.com/overridesh/sgg-todolist-service/internal/repository/task_repository.go:81.92,99.16 2 1
github.com/overridesh/sgg-todolist-service/internal/repository/task_repository.go:103.2,104.16 2 1
github.com/overridesh/sgg-todolist-service/internal/repository/task_repository.go:108.2,112.18 3 1
github.com/overridesh/sgg-todolist-service/internal/repository/task_repository.go:130.2,130.19 1 1
github.com/overridesh/sgg-todolist-service/internal/repository/task_repository.go:99.16,101.3 1 0
github.com/overridesh/sgg-todolist-service/internal/repository/task_repository.go:104.16,106.3 1 1
github.com/overridesh/sgg-todolist-service/internal/repository/task_repository.go:112.18,123.17 2 1
github.com/overridesh/sgg-todolist-service/internal/repository/task_repository.go:127.3,127.31 1 1
github.com/overridesh/sgg-todolist-service/internal/repository/task_repository.go:123.17,125.4 1 0
github.com/overridesh/sgg-todolist-service/internal/repository/task_repository.go:133.100,140.16 3 1
github.com/overridesh/sgg-todolist-service/internal/repository/task_repository.go:144.2,144.15 1 1
github.com/overridesh/sgg-todolist-service/internal/repository/task_repository.go:156.2,162.16 2 1
github.com/overridesh/sgg-todolist-service/internal/repository/task_repository.go:166.2,171.34 2 1
github.com/overridesh/sgg-todolist-service/internal/repository/task_repository.go:175.2,184.16 2 1
github.com/overridesh/sgg-todolist-service/internal/repository/task_repository.go:188.2,188.19 1 1
github.com/overridesh/sgg-todolist-service/internal/repository/task_repository.go:140.16,142.3 1 1
github.com/overridesh/sgg-todolist-service/internal/repository/task_repository.go:144.15,145.17 1 1
github.com/overridesh/sgg-todolist-service/internal/repository/task_repository.go:145.17,146.40 1 0
github.com/overridesh/sgg-todolist-service/internal/repository/task_repository.go:146.40,148.5 1 0
github.com/overridesh/sgg-todolist-service/internal/repository/task_repository.go:149.9,150.38 1 1
github.com/overridesh/sgg-todolist-service/internal/repository/task_repository.go:150.38,152.5 1 0
github.com/overridesh/sgg-todolist-service/internal/repository/task_repository.go:162.16,164.3 1 0
github.com/overridesh/sgg-todolist-service/internal/repository/task_repository.go:171.34,173.3 1 0
github.com/overridesh/sgg-todolist-service/internal/repository/task_repository.go:184.16,186.3 1 0
github.com/overridesh/sgg-todolist-service/internal/repository/task_repository.go:191.83,203.16 2 1
github.com/overridesh/sgg-todolist-service/internal/repository/task_repository.go:207.2,207.73 1 1
github.com/overridesh/sgg-todolist-service/internal/repository/task_repository.go:214.2,214.12 1 1
github.com/overridesh/sgg-todolist-service/internal/repository/task_repository.go:203.16,205.3 1 0
github.com/overridesh/sgg-todolist-service/internal/repository/task_repository.go:207.73,208.36 1 1
github.com/overridesh/sgg-todolist-service/internal/repository/task_repository.go:211.3,211.13 1 1
github.com/overridesh/sgg-todolist-service/internal/repository/task_repository.go:208.36,210.4 1 1
github.com/overridesh/sgg-todolist-service/internal/repository/task_repository.go:217.79,225.16 2 1
github.com/overridesh/sgg-todolist-service/internal/repository/task_repository.go:229.2,230.16 2 1
github.com/overridesh/sgg-todolist-service/internal/repository/task_repository.go:234.2,235.16 2 1
github.com/overridesh/sgg-todolist-service/internal/repository/task_repository.go:239.2,239.19 1 1
github.com/overridesh/sgg-todolist-service/internal/repository/task_repository.go:243.2,243.12 1 1
github.com/overridesh/sgg-todolist-service/internal/repository/task_repository.go:225.16,227.3 1 0
github.com/overridesh/sgg-todolist-service/internal/repository/task_repository.go:230.16,232.3 1 1
github.com/overridesh/sgg-todolist-service/internal/repository/task_repository.go:235.16,237.3 1 0
github.com/overridesh/sgg-todolist-service/internal/repository/task_repository.go:239.19,241.3 1 1
github.com/overridesh/sgg-todolist-service/tools/config.go:10.54,12.2 1 1
github.com/overridesh/sgg-todolist-service/tools/status_code.go:11.63,13.2 1 1
github.com/overridesh/sgg-todolist-service/tools/time.go:9.37,11.2 1 1
github.com/overridesh/sgg-todolist-service/tools/uuid.go:14.49,16.16 2 1
github.com/overridesh/sgg-todolist-service/tools/uuid.go:20.2,20.27 1 1
github.com/overridesh/sgg-todolist-service/tools/uuid.go:24.2,24.23 1 1
github.com/overridesh/sgg-todolist-service/tools/uuid.go:16.16,18.3 1 1
github.com/overridesh/sgg-todolist-service/tools/uuid.go:20.27,22.3 1 1
github.com/overridesh/sgg-todolist-service/internal/grpc/healthcheck/handler.go:15.58,17.2 1 1
github.com/overridesh/sgg-todolist-service/internal/grpc/healthcheck/handler.go:20.127,24.2 1 1
github.com/overridesh/sgg-todolist-service/internal/grpc/todolist/handler_comment.go:16.135,18.16 2 1
github.com/overridesh/sgg-todolist-service/internal/grpc/todolist/handler_comment.go:22.2,23.16 2 1
github.com/overridesh/sgg-todolist-service/internal/grpc/todolist/handler_comment.go:31.2,34.16 3 1
github.com/overridesh/sgg-todolist-service/internal/grpc/todolist/handler_comment.go:39.2,39.35 1 1
github.com/overridesh/sgg-todolist-service/internal/grpc/todolist/handler_comment.go:47.2,47.23 1 1
github.com/overridesh/sgg-todolist-service/internal/grpc/todolist/handler_comment.go:18.16,20.3 1 1
github.com/overridesh/sgg-todolist-service/internal/grpc/todolist/handler_comment.go:23.16,24.40 1 1
github.com/overridesh/sgg-todolist-service/internal/grpc/todolist/handler_comment.go:27.3,28.49 2 1
github.com/overridesh/sgg-todolist-service/internal/grpc/todolist/handler_comment.go:24.40,26.4 1 1
github.com/overridesh/sgg-todolist-service/internal/grpc/todolist/handler_comment.go:34.16,37.3 2 1
github.com/overridesh/sgg-todolist-service/internal/grpc/todolist/handler_comment.go:39.35,45.3 1 1
github.com/overridesh/sgg-todolist-service/internal/grpc/todolist/handler_comment.go:50.141,52.16 2 1
github.com/overridesh/sgg-todolist-service/internal/grpc/todolist/handler_comment.go:56.2,57.16 2 1
github.com/overridesh/sgg-todolist-service/internal/grpc/todolist/handler_comment.go:65.2,69.16 2 1
github.com/overridesh/sgg-todolist-service/internal/grpc/todolist/handler_comment.go:73.2,81.69 2 1
github.com/overridesh/sgg-todolist-service/internal/grpc/todolist/handler_comment.go:86.2,86.23 1 1
github.com/overridesh/sgg-todolist-service/internal/grpc/todolist/handler_comment.go:52.16,54.3 1 1
github.com/overridesh/sgg-todolist-service/internal/grpc/todolist/handler_comment.go:57.16,58.40 1 1
github.com/overridesh/sgg-todolist-service/internal/grpc/todolist/handler_comment.go:61.3,62.49 2 1
github.com/overridesh/sgg-todolist-service/internal/grpc/todolist/handler_comment.go:58.40,60.4 1 1
github.com/overridesh/sgg-todolist-service/internal/grpc/todolist/handler_comment.go:69.16,72.3 2 1
github.com/overridesh/sgg-todolist-service/internal/grpc/todolist/handler_comment.go:81.69,84.3 2 0
github.com/overridesh/sgg-todolist-service/internal/grpc/todolist/handler_comment.go:89.122,91.16 2 1
github.com/overridesh/sgg-todolist-service/internal/grpc/todolist/handler_comment.go:95.2,96.16 2 1
github.com/overridesh/sgg-todolist-service/internal/grpc/todolist/handler_comment.go:100.2,100.104 1 1
github.com/overridesh/sgg-todolist-service/internal/grpc/todolist/handler_comment.go:108.2,108.71 1 1
github.com/overridesh/sgg-todolist-service/internal/grpc/todolist/handler_comment.go:113.2,113.30 1 1
github.com/overridesh/sgg-todolist-service/internal/grpc/todolist/handler_comment.go:91.16,93.3 1 1
github.com/overridesh/sgg-todolist-service/internal/grpc/todolist/handler_comment.go:96.16,98.3 1 1
github.com/overridesh/sgg-todolist-service/internal/grpc/todolist/handler_comment.go:100.104,101.43 1 1
github.com/overridesh/sgg-todolist-service/internal/grpc/todolist/handler_comment.go:104.3,105.49 2 1
github.com/overridesh/sgg-todolist-service/internal/grpc/todolist/handler_comment.go:101.43,103.4 1 1
github.com/overridesh/sgg-todolist-service/internal/grpc/todolist/handler_comment.go:108.71,111.3 2 0
github.com/overridesh/sgg-todolist-service/internal/grpc/todolist/handler_label.go:17.129,19.16 2 1
github.com/overridesh/sgg-todolist-service/internal/grpc/todolist/handler_label.go:23.2,24.16 2 1
github.com/overridesh/sgg-todolist-service/internal/grpc/todolist/handler_label.go:32.2,35.16 3 1
github.com/overridesh/sgg-todolist-service/internal/grpc/todolist/handler_label.go:40.2,40.31 1 1
github.com/overridesh/sgg-todolist-service/internal/grpc/todolist/handler_label.go:48.2,48.23 1 1
github.com/overridesh/sgg-todolist-service/internal/grpc/todolist/handler_label.go:19.16,21.3 1 1
github.com/overridesh/sgg-todolist-service/internal/grpc/todolist/handler_label.go:24.16,25.40 1 1
github.com/overridesh/sgg-todolist-service/internal/grpc/todolist/handler_label.go:28.3,29.49 2 1
github.com/overridesh/sgg-todolist-service/internal/grpc/todolist/handler_label.go:25.40,27.4 1 1
github.com/overridesh/sgg-todolist-service/internal/grpc/todolist/handler_label.go:35.16,38.3 2 1
github.com/overridesh/sgg-todolist-service/internal/grpc/todolist/handler_label.go:40.31,46.3 1 1
github.com/overridesh/sgg-todolist-service/internal/grpc/todolist/handler_label.go:51.135,53.16 2 1
github.com/overridesh/sgg-todolist-service/internal/grpc/todolist/handler_label.go:57.2,58.16 2 1
github.com/overridesh/sgg-todolist-service/internal/grpc/todolist/handler_label.go:66.2,70.16 2 1
github.com/overridesh/sgg-todolist-service/internal/grpc/todolist/handler_label.go:78.2,86.69 2 1
github.com/overridesh/sgg-todolist-service/internal/grpc/todolist/handler_label.go:90.2,90.23 1 1
github.com/overridesh/sgg-todolist-service/internal/grpc/todolist/handler_label.go:53.16,55.3 1 1
github.com/overridesh/sgg-todolist-service/internal/grpc/todolist/handler_label.go:58.16,59.40 1 1
github.com/overridesh/sgg-todolist-service/internal/grpc/todolist/handler_label.go:62.3,63.49 2 1
github.com/overridesh/sgg-todolist-service/internal/grpc/todolist/handler_label.go:59.40,61.4 1 1
github.com/overridesh/sgg-todolist-service/internal/grpc/todolist/handler_label.go:70.16,71.46 1 1
github.com/overridesh/sgg-todolist-service/internal/grpc/todolist/handler_label.go:74.3,75.49 2 1
github.com/overridesh/sgg-todolist-service/internal/grpc/todolist/handler_label.go:71.46,73.4 1 1
github.com/overridesh/sgg-todolist-service/internal/grpc/todolist/handler_label.go:86.69,89.3 2 0
github.com/overridesh/sgg-todolist-service/internal/grpc/todolist/handler_label.go:93.118,95.16 2 1
github.com/overridesh/sgg-todolist-service/internal/grpc/todolist/handler_label.go:99.2,100.16 2 1
github.com/overridesh/sgg-todolist-service/internal/grpc/todolist/handler_label.go:104.2,104.96 1 1
github.com/overridesh/sgg-todolist-service/internal/grpc/todolist/handler_label.go:112.2,112.71 1 1
github.com/overridesh/sgg-todolist-service/internal/grpc/todolist/handler_label.go:117.2,117.30 1 1
github.com/overridesh/sgg-todolist-service/internal/grpc/todolist/handler_label.go:95.16,97.3 1 1
github.com/overridesh/sgg-todolist-service/internal/grpc/todolist/handler_label.go:100.16,102.3 1 1
github.com/overridesh/sgg-todolist-service/internal/grpc/todolist/handler_label.go:104.96,105.41 1 1
github.com/overridesh/sgg-todolist-service/internal/grpc/todolist/handler_label.go:108.3,109.49 2 1
github.com/overridesh/sgg-todolist-service/internal/grpc/todolist/handler_label.go:105.41,107.4 1 1
github.com/overridesh/sgg-todolist-service/internal/grpc/todolist/handler_label.go:112.71,115.3 2 0
github.com/overridesh/sgg-todolist-service/internal/grpc/todolist/handler_task.go:27.181,33.2 1 1
github.com/overridesh/sgg-todolist-service/internal/grpc/todolist/handler_task.go:35.123,37.16 2 1
github.com/overridesh/sgg-todolist-service/internal/grpc/todolist/handler_task.go:41.2,42.16 2 1
github.com/overridesh/sgg-todolist-service/internal/grpc/todolist/handler_task.go:50.2,58.24 2 1
github.com/overridesh/sgg-todolist-service/internal/grpc/todolist/handler_task.go:62.2,63.56 2 1
github.com/overridesh/sgg-todolist-service/internal/grpc/todolist/handler_task.go:68.2,68.35 1 1
github.com/overridesh/sgg-todolist-service/internal/grpc/todolist/handler_task.go:76.2,77.54 2 1
github.com/overridesh/sgg-todolist-service/internal/grpc/todolist/handler_task.go:82.2,82.31 1 1
github.com/overridesh/sgg-todolist-service/internal/grpc/todolist/handler_task.go:90.2,90.23 1 1
github.com/overridesh/sgg-todolist-service/internal/grpc/todolist/handler_task.go:37.16,39.3 1 1
github.com/overridesh/sgg-todolist-service/internal/grpc/todolist/handler_task.go:42.16,43.40 1 1
github.com/overridesh/sgg-todolist-service/internal/grpc/todolist/handler_task.go:46.3,47.49 2 1
github.com/overridesh/sgg-todolist-service/internal/grpc/todolist/handler_task.go:43.40,45.4 1 1
github.com/overridesh/sgg-todolist-service/internal/grpc/todolist/handler_task.go:58.24,60.3 1 0
github.com/overridesh/sgg-todolist-service/internal/grpc/todolist/handler_task.go:63.56,66.3 2 1
github.com/overridesh/sgg-todolist-service/internal/grpc/todolist/handler_task.go:68.35,74.3 1 0
github.com/overridesh/sgg-todolist-service/internal/grpc/todolist/handler_task.go:77.54,80.3 2 1
github.com/overridesh/sgg-todolist-service/internal/grpc/todolist/handler_task.go:82.31,88.3 1 0
github.com/overridesh/sgg-todolist-service/internal/grpc/todolist/handler_task.go:93.126,97.16 3 1
github.com/overridesh/sgg-todolist-service/internal/grpc/todolist/handler_task.go:102.2,103.29 2 1
github.com/overridesh/sgg-todolist-service/internal/grpc/todolist/handler_task.go:119.2,119.23 1 1
github.com/overridesh/sgg-todolist-service/internal/grpc/todolist/handler_task.go:97.16,100.3 2 1
github.com/overridesh/sgg-todolist-service/internal/grpc/todolist/handler_task.go:103.29,112.25 2 1
github.com/overridesh/sgg-todolist-service/internal/grpc/todolist/handler_task.go:116.3,116.53 1 1
github.com/overridesh/sgg-todolist-service/internal/grpc/todolist/handler_task.go:112.25,114.4 1 0
github.com/overridesh/sgg-todolist-service/internal/grpc/todolist/handler_task.go:122.132,125.49 2 1
github.com/overridesh/sgg-todolist-service/internal/grpc/todolist/handler_task.go:135.2,139.16 2 1
github.com/overridesh/sgg-todolist-service/internal/grpc/todolist/handler_task.go:143.2,153.24 2 1
github.com/overridesh/sgg-todolist-service/internal/grpc/todolist/handler_task.go:157.2,157.69 1 1
github.com/overridesh/sgg-todolist-service/internal/grpc/todolist/handler_task.go:162.2,162.23 1 1
github.com/overridesh/sgg-todolist-service/internal/grpc/todolist/handler_task.go:125.49,127.17 2 1
github.com/overridesh/sgg-todolist-service/internal/grpc/todolist/handler_task.go:131.3,132.23 2 0
github.com/overridesh/sgg-todolist-service/internal/grpc/todolist/handler_task.go:127.17,130.4 2 1
github.com/overridesh/sgg-todolist-service/internal/grpc/todolist/handler_task.go:139.16,142.3 2 1
github.com/overridesh/sgg-todolist-service/internal/grpc/todolist/handler_task.go:153.24,155.3 1 0
github.com/overridesh/sgg-todolist-service/internal/grpc/todolist/handler_task.go:157.69,160.3 2 0
github.com/overridesh/sgg-todolist-service/internal/grpc/todolist/handler_task.go:165.132,167.16 2 1
github.com/overridesh/sgg-todolist-service/internal/grpc/todolist/handler_task.go:171.2,172.16 2 1
github.com/overridesh/sgg-todolist-service/internal/grpc/todolist/handler_task.go:180.2,183.24 3 1
github.com/overridesh/sgg-todolist-service/internal/grpc/todolist/handler_task.go:192.2,192.65 1 1
github.com/overridesh/sgg-todolist-service/internal/grpc/todolist/handler_task.go:197.2,207.24 2 1
github.com/overridesh/sgg-todolist-service/internal/grpc/todolist/handler_task.go:211.2,211.23 1 1
github.com/overridesh/sgg-todolist-service/internal/grpc/todolist/handler_task.go:167.16,169.3 1 1
github.com/overridesh/sgg-todolist-service/internal/grpc/todolist/handler_task.go:172.16,173.40 1 1
github.com/overridesh/sgg-todolist-service/internal/grpc/todolist/handler_task.go:176.3,177.49 2 1
github.com/overridesh/sgg-todolist-service/internal/grpc/todolist/handler_task.go:173.40,175.4 1 1
github.com/overridesh/sgg-todolist-service/internal/grpc/todolist/handler_task.go:183.24,185.17 2 0
github.com/overridesh/sgg-todolist-service/internal/grpc/todolist/handler_task.go:189.3,189.34 1 0
github.com/overridesh/sgg-todolist-service/internal/grpc/todolist/handler_task.go:185.17,188.4 2 0
github.com/overridesh/sgg-todolist-service/internal/grpc/todolist/handler_task.go:192.65,195.3 2 1
github.com/overridesh/sgg-todolist-service/internal/grpc/todolist/handler_task.go:207.24,209.3 1 0
github.com/overridesh/sgg-todolist-service/internal/grpc/todolist/handler_task.go:214.116,216.16 2 1
github.com/overridesh/sgg-todolist-service/internal/grpc/todolist/handler_task.go:220.2,220.67 1 1
github.com/overridesh/sgg-todolist-service/internal/grpc/todolist/handler_task.go:228.2,228.71 1 1
github.com/overridesh/sgg-todolist-service/internal/grpc/todolist/handler_task.go:233.2,233.30 1 1
github.com/overridesh/sgg-todolist-service/internal/grpc/todolist/handler_task.go:216.16,218.3 1 1
github.com/overridesh/sgg-todolist-service/internal/grpc/todolist/handler_task.go:220.67,221.40 1 1
github.com/overridesh/sgg-todolist-service/internal/grpc/todolist/handler_task.go:224.3,225.49 2 1
github.com/overridesh/sgg-todolist-service/internal/grpc/todolist/handler_task.go:221.40,223.4 1 1
github.com/overridesh/sgg-todolist-service/internal/grpc/todolist/handler_task.go:228.71,231.3 2 0
github.com/overridesh/sgg-todolist-service/internal/grpc/todolist/handler_task.go:236.128,238.16 2 1
github.com/overridesh/sgg-todolist-service/internal/grpc/todolist/handler_task.go:242.2,243.16 2 1
github.com/overridesh/sgg-todolist-service/internal/grpc/todolist/handler_task.go:251.2,253.65 2 1
github.com/overridesh/sgg-todolist-service/internal/grpc/todolist/handler_task.go:258.2,258.71 1 1
github.com/overridesh/sgg-todolist-service/internal/grpc/todolist/handler_task.go:263.2,263.30 1 1
github.com/overridesh/sgg-todolist-service/internal/grpc/todolist/handler_task.go:238.16,240.3 1 1
github.com/overridesh/sgg-todolist-service/internal/grpc/todolist/handler_task.go:243.16,244.40 1 1
github.com/overridesh/sgg-todolist-service/internal/grpc/todolist/handler_task.go:247.3,248.49 2 1
github.com/overridesh/sgg-todolist-service/internal/grpc/todolist/handler_task.go:244.40,246.4 1 1
github.com/overridesh/sgg-todolist-service/internal/grpc/todolist/handler_task.go:253.65,256.3 2 1
github.com/overridesh/sgg-todolist-service/internal/grpc/todolist/handler_task.go:258.71,261.3 2 0
